build/app/intermediates/manifest_merge_blame_file/release/manifest-merger-blame-release-report.txt
1<?xml version="1.0" encoding="utf-8"?>
2<manifest xmlns:android="http://schemas.android.com/apk/res/android"
3    package="com.example.multimedia"
4    android:versionCode="1"
5    android:versionName="1.0.0" >
6
7    <uses-sdk
8        android:minSdkVersion="16"
8-->src\main\AndroidManifest.xml
9        android:targetSdkVersion="30" />
9-->src\main\AndroidManifest.xml
10
11    <uses-permission android:name="android.permission.READ_EXTERNAL_STORAGE" />
11-->src\main\AndroidManifest.xml:3:5-79
11-->src\main\AndroidManifest.xml:3:22-77
12    <uses-permission android:name="android.permission.WRITE_EXTERNAL_STORAGE" />
12-->src\main\AndroidManifest.xml:4:5-80
12-->src\main\AndroidManifest.xml:4:22-78
13    <uses-permission android:name="android.permission.ACCESS_MEDIA_LOCATION" />
13-->src\main\AndroidManifest.xml:5:5-79
13-->src\main\AndroidManifest.xml:5:22-77
14    <uses-permission android:name="android.permission.RECORD_AUDIO" />
14-->src\main\AndroidManifest.xml:6:5-71
14-->src\main\AndroidManifest.xml:6:22-68
15    <uses-permission android:name="android.permission.ACCESS_NETWORK_STATE" />
15-->[com.google.android.exoplayer:exoplayer-core:2.13.3] AndroidManifest.xml:24:5-79
15-->[com.google.android.exoplayer:exoplayer-core:2.13.3] AndroidManifest.xml:24:22-76
16    <uses-permission android:name="android.permission.WAKE_LOCK" />
16-->[androidx.work:work-runtime:2.5.0] AndroidManifest.xml:25:5-68
16-->[androidx.work:work-runtime:2.5.0] AndroidManifest.xml:25:22-65
17    <uses-permission android:name="android.permission.RECEIVE_BOOT_COMPLETED" />
17-->[androidx.work:work-runtime:2.5.0] AndroidManifest.xml:27:5-81
17-->[androidx.work:work-runtime:2.5.0] AndroidManifest.xml:27:22-78
18    <uses-permission android:name="android.permission.FOREGROUND_SERVICE" />
18-->[androidx.work:work-runtime:2.5.0] AndroidManifest.xml:28:5-77
18-->[androidx.work:work-runtime:2.5.0] AndroidManifest.xml:28:22-74
19
20    <application
20-->src\main\AndroidManifest.xml:7:4-45:19
21        android:appComponentFactory="androidx.core.app.CoreComponentFactory"
21-->[androidx.core:core:1.6.0-beta01] AndroidManifest.xml:24:18-86
22        android:icon="@mipmap/ic_launcher"
22-->src\main\AndroidManifest.xml:10:9-43
23        android:label="multimedia"
23-->src\main\AndroidManifest.xml:8:9-35
24        android:requestLegacyExternalStorage="true" >
24-->src\main\AndroidManifest.xml:9:9-52
25        <activity
25-->src\main\AndroidManifest.xml:11:9-39:20
26            android:name="com.example.multimedia.MainActivity"
26-->src\main\AndroidManifest.xml:12:13-41
27            android:configChanges="orientation|keyboardHidden|keyboard|screenSize|smallestScreenSize|locale|layoutDirection|fontScale|screenLayout|density|uiMode"
27-->src\main\AndroidManifest.xml:15:13-163
28            android:hardwareAccelerated="true"
28-->src\main\AndroidManifest.xml:16:13-47
29            android:launchMode="singleTop"
29-->src\main\AndroidManifest.xml:13:13-43
30            android:theme="@style/LaunchTheme"
30-->src\main\AndroidManifest.xml:14:13-47
31            android:windowSoftInputMode="adjustResize" >
31-->src\main\AndroidManifest.xml:17:13-55
32
33            <!--
34                 Specifies an Android theme to apply to this Activity as soon as
35                 the Android process has started. This theme is visible to the user
36                 while the Flutter UI initializes. After that, this theme continues
37                 to determine the Window background behind the Flutter UI.
38            -->
39            <meta-data
39-->src\main\AndroidManifest.xml:22:13-25:17
40                android:name="io.flutter.embedding.android.NormalTheme"
40-->src\main\AndroidManifest.xml:23:15-70
41                android:resource="@style/NormalTheme" />
41-->src\main\AndroidManifest.xml:24:15-52
42            <!--
43                 Displays an Android View that continues showing the launch screen
44                 Drawable until Flutter paints its first frame, then this splash
45                 screen fades out. A splash screen is useful to avoid any visual
46                 gap between the end of Android's launch screen and the painting of
47                 Flutter's first frame.
48            -->
49            <meta-data
49-->src\main\AndroidManifest.xml:31:13-34:17
50                android:name="io.flutter.embedding.android.SplashScreenDrawable"
50-->src\main\AndroidManifest.xml:32:15-79
51                android:resource="@drawable/launch_background" />
51-->src\main\AndroidManifest.xml:33:15-61
52
53            <intent-filter>
53-->src\main\AndroidManifest.xml:35:13-38:29
54                <action android:name="android.intent.action.MAIN" />
54-->src\main\AndroidManifest.xml:36:17-68
54-->src\main\AndroidManifest.xml:36:25-66
55
56                <category android:name="android.intent.category.LAUNCHER" />
56-->src\main\AndroidManifest.xml:37:17-76
56-->src\main\AndroidManifest.xml:37:27-74
57            </intent-filter>
58        </activity>
59        <!--
60             Don't delete the meta-data below.
61             This is used by the Flutter tool to generate GeneratedPluginRegistrant.java
62        -->
63        <meta-data
63-->src\main\AndroidManifest.xml:42:9-44:33
64            android:name="flutterEmbedding"
64-->src\main\AndroidManifest.xml:43:13-44
65            android:value="2" />
65-->src\main\AndroidManifest.xml:44:13-30
66
67        <provider
67-->[:image_picker] AndroidManifest.xml:11:9-19:20
68            android:name="io.flutter.plugins.imagepicker.ImagePickerFileProvider"
68-->[:image_picker] AndroidManifest.xml:12:13-82
69            android:authorities="com.example.multimedia.flutter.image_provider"
69-->[:image_picker] AndroidManifest.xml:13:13-74
70            android:exported="false"
70-->[:image_picker] AndroidManifest.xml:14:13-37
71            android:grantUriPermissions="true" >
71-->[:image_picker] AndroidManifest.xml:15:13-47
72            <meta-data
72-->[:image_picker] AndroidManifest.xml:16:13-18:75
73                android:name="android.support.FILE_PROVIDER_PATHS"
73-->[:image_picker] AndroidManifest.xml:17:17-67
74                android:resource="@xml/flutter_image_picker_file_paths" />
74-->[:image_picker] AndroidManifest.xml:18:17-72
75        </provider>
76        <provider
76-->[androidx.work:work-runtime:2.5.0] AndroidManifest.xml:31:9-37:35
77            android:name="androidx.work.impl.WorkManagerInitializer"
77-->[androidx.work:work-runtime:2.5.0] AndroidManifest.xml:32:13-69
78            android:authorities="com.example.multimedia.workmanager-init"
78-->[androidx.work:work-runtime:2.5.0] AndroidManifest.xml:33:13-68
79            android:directBootAware="false"
79-->[androidx.work:work-runtime:2.5.0] AndroidManifest.xml:34:13-44
80            android:exported="false"
80-->[androidx.work:work-runtime:2.5.0] AndroidManifest.xml:35:13-37
81            android:multiprocess="true" />
81-->[androidx.work:work-runtime:2.5.0] AndroidManifest.xml:36:13-40
82
83        <service
83-->[androidx.work:work-runtime:2.5.0] AndroidManifest.xml:39:9-44:35
84            android:name="androidx.work.impl.background.systemalarm.SystemAlarmService"
84-->[androidx.work:work-runtime:2.5.0] AndroidManifest.xml:40:13-88
85            android:directBootAware="false"
85-->[androidx.work:work-runtime:2.5.0] AndroidManifest.xml:41:13-44
86            android:enabled="@bool/enable_system_alarm_service_default"
86-->[androidx.work:work-runtime:2.5.0] AndroidManifest.xml:42:13-72
87            android:exported="false" />
87-->[androidx.work:work-runtime:2.5.0] AndroidManifest.xml:43:13-37
88        <service
88-->[androidx.work:work-runtime:2.5.0] AndroidManifest.xml:45:9-51:35
89            android:name="androidx.work.impl.background.systemjob.SystemJobService"
89-->[androidx.work:work-runtime:2.5.0] AndroidManifest.xml:46:13-84
90            android:directBootAware="false"
90-->[androidx.work:work-runtime:2.5.0] AndroidManifest.xml:47:13-44
91            android:enabled="@bool/enable_system_job_service_default"
91-->[androidx.work:work-runtime:2.5.0] AndroidManifest.xml:48:13-70
92            android:exported="true"
92-->[androidx.work:work-runtime:2.5.0] AndroidManifest.xml:49:13-36
93            android:permission="android.permission.BIND_JOB_SERVICE" />
93-->[androidx.work:work-runtime:2.5.0] AndroidManifest.xml:50:13-69
94        <service
94-->[androidx.work:work-runtime:2.5.0] AndroidManifest.xml:52:9-57:35
95            android:name="androidx.work.impl.foreground.SystemForegroundService"
95-->[androidx.work:work-runtime:2.5.0] AndroidManifest.xml:53:13-81
96            android:directBootAware="false"
96-->[androidx.work:work-runtime:2.5.0] AndroidManifest.xml:54:13-44
97            android:enabled="@bool/enable_system_foreground_service_default"
97-->[androidx.work:work-runtime:2.5.0] AndroidManifest.xml:55:13-77
98            android:exported="false" />
98-->[androidx.work:work-runtime:2.5.0] AndroidManifest.xml:56:13-37
99
100        <receiver
100-->[androidx.work:work-runtime:2.5.0] AndroidManifest.xml:59:9-64:35
101            android:name="androidx.work.impl.utils.ForceStopRunnable$BroadcastReceiver"
101-->[androidx.work:work-runtime:2.5.0] AndroidManifest.xml:60:13-88
102            android:directBootAware="false"
102-->[androidx.work:work-runtime:2.5.0] AndroidManifest.xml:61:13-44
103            android:enabled="true"
103-->[androidx.work:work-runtime:2.5.0] AndroidManifest.xml:62:13-35
104            android:exported="false" />
104-->[androidx.work:work-runtime:2.5.0] AndroidManifest.xml:63:13-37
105        <receiver
105-->[androidx.work:work-runtime:2.5.0] AndroidManifest.xml:65:9-75:20
106            android:name="androidx.work.impl.background.systemalarm.ConstraintProxy$BatteryChargingProxy"
106-->[androidx.work:work-runtime:2.5.0] AndroidManifest.xml:66:13-106
107            android:directBootAware="false"
107-->[androidx.work:work-runtime:2.5.0] AndroidManifest.xml:67:13-44
108            android:enabled="false"
108-->[androidx.work:work-runtime:2.5.0] AndroidManifest.xml:68:13-36
109            android:exported="false" >
109-->[androidx.work:work-runtime:2.5.0] AndroidManifest.xml:69:13-37
110            <intent-filter>
110-->[androidx.work:work-runtime:2.5.0] AndroidManifest.xml:71:13-74:29
111                <action android:name="android.intent.action.ACTION_POWER_CONNECTED" />
111-->[androidx.work:work-runtime:2.5.0] AndroidManifest.xml:72:17-87
111-->[androidx.work:work-runtime:2.5.0] AndroidManifest.xml:72:25-84
112                <action android:name="android.intent.action.ACTION_POWER_DISCONNECTED" />
112-->[androidx.work:work-runtime:2.5.0] AndroidManifest.xml:73:17-90
112-->[androidx.work:work-runtime:2.5.0] AndroidManifest.xml:73:25-87
113            </intent-filter>
114        </receiver>
115        <receiver
115-->[androidx.work:work-runtime:2.5.0] AndroidManifest.xml:76:9-86:20
116            android:name="androidx.work.impl.background.systemalarm.ConstraintProxy$BatteryNotLowProxy"
116-->[androidx.work:work-runtime:2.5.0] AndroidManifest.xml:77:13-104
117            android:directBootAware="false"
117-->[androidx.work:work-runtime:2.5.0] AndroidManifest.xml:78:13-44
118            android:enabled="false"
118-->[androidx.work:work-runtime:2.5.0] AndroidManifest.xml:79:13-36
119            android:exported="false" >
119-->[androidx.work:work-runtime:2.5.0] AndroidManifest.xml:80:13-37
120            <intent-filter>
120-->[androidx.work:work-runtime:2.5.0] AndroidManifest.xml:82:13-85:29
121                <action android:name="android.intent.action.BATTERY_OKAY" />
121-->[androidx.work:work-runtime:2.5.0] AndroidManifest.xml:83:17-77
121-->[androidx.work:work-runtime:2.5.0] AndroidManifest.xml:83:25-74
122                <action android:name="android.intent.action.BATTERY_LOW" />
122-->[androidx.work:work-runtime:2.5.0] AndroidManifest.xml:84:17-76
122-->[androidx.work:work-runtime:2.5.0] AndroidManifest.xml:84:25-73
123            </intent-filter>
124        </receiver>
125        <receiver
125-->[androidx.work:work-runtime:2.5.0] AndroidManifest.xml:87:9-97:20
126            android:name="androidx.work.impl.background.systemalarm.ConstraintProxy$StorageNotLowProxy"
126-->[androidx.work:work-runtime:2.5.0] AndroidManifest.xml:88:13-104
127            android:directBootAware="false"
127-->[androidx.work:work-runtime:2.5.0] AndroidManifest.xml:89:13-44
128            android:enabled="false"
128-->[androidx.work:work-runtime:2.5.0] AndroidManifest.xml:90:13-36
129            android:exported="false" >
129-->[androidx.work:work-runtime:2.5.0] AndroidManifest.xml:91:13-37
130            <intent-filter>
130-->[androidx.work:work-runtime:2.5.0] AndroidManifest.xml:93:13-96:29
131                <action android:name="android.intent.action.DEVICE_STORAGE_LOW" />
131-->[androidx.work:work-runtime:2.5.0] AndroidManifest.xml:94:17-83
131-->[androidx.work:work-runtime:2.5.0] AndroidManifest.xml:94:25-80
132                <action android:name="android.intent.action.DEVICE_STORAGE_OK" />
132-->[androidx.work:work-runtime:2.5.0] AndroidManifest.xml:95:17-82
132-->[androidx.work:work-runtime:2.5.0] AndroidManifest.xml:95:25-79
133            </intent-filter>
134        </receiver>
135        <receiver
135-->[androidx.work:work-runtime:2.5.0] AndroidManifest.xml:98:9-107:20
136            android:name="androidx.work.impl.background.systemalarm.ConstraintProxy$NetworkStateProxy"
136-->[androidx.work:work-runtime:2.5.0] AndroidManifest.xml:99:13-103
137            android:directBootAware="false"
137-->[androidx.work:work-runtime:2.5.0] AndroidManifest.xml:100:13-44
138            android:enabled="false"
138-->[androidx.work:work-runtime:2.5.0] AndroidManifest.xml:101:13-36
139            android:exported="false" >
139-->[androidx.work:work-runtime:2.5.0] AndroidManifest.xml:102:13-37
140            <intent-filter>
140-->[androidx.work:work-runtime:2.5.0] AndroidManifest.xml:104:13-106:29
141                <action android:name="android.net.conn.CONNECTIVITY_CHANGE" />
141-->[androidx.work:work-runtime:2.5.0] AndroidManifest.xml:105:17-79
141-->[androidx.work:work-runtime:2.5.0] AndroidManifest.xml:105:25-76
142            </intent-filter>
143        </receiver>
144        <receiver
144-->[androidx.work:work-runtime:2.5.0] AndroidManifest.xml:108:9-119:20
145            android:name="androidx.work.impl.background.systemalarm.RescheduleReceiver"
145-->[androidx.work:work-runtime:2.5.0] AndroidManifest.xml:109:13-88
146            android:directBootAware="false"
146-->[androidx.work:work-runtime:2.5.0] AndroidManifest.xml:110:13-44
147            android:enabled="false"
147-->[androidx.work:work-runtime:2.5.0] AndroidManifest.xml:111:13-36
148            android:exported="false" >
148-->[androidx.work:work-runtime:2.5.0] AndroidManifest.xml:112:13-37
149            <intent-filter>
149-->[androidx.work:work-runtime:2.5.0] AndroidManifest.xml:114:13-118:29
150                <action android:name="android.intent.action.BOOT_COMPLETED" />
150-->[androidx.work:work-runtime:2.5.0] AndroidManifest.xml:115:17-79
150-->[androidx.work:work-runtime:2.5.0] AndroidManifest.xml:115:25-76
151                <action android:name="android.intent.action.TIME_SET" />
151-->[androidx.work:work-runtime:2.5.0] AndroidManifest.xml:116:17-73
151-->[androidx.work:work-runtime:2.5.0] AndroidManifest.xml:116:25-70
152                <action android:name="android.intent.action.TIMEZONE_CHANGED" />
152-->[androidx.work:work-runtime:2.5.0] AndroidManifest.xml:117:17-81
152-->[androidx.work:work-runtime:2.5.0] AndroidManifest.xml:117:25-78
153            </intent-filter>
154        </receiver>
155        <receiver
155-->[androidx.work:work-runtime:2.5.0] AndroidManifest.xml:120:9-129:20
156            android:name="androidx.work.impl.background.systemalarm.ConstraintProxyUpdateReceiver"
156-->[androidx.work:work-runtime:2.5.0] AndroidManifest.xml:121:13-99
157            android:directBootAware="false"
157-->[androidx.work:work-runtime:2.5.0] AndroidManifest.xml:122:13-44
158            android:enabled="@bool/enable_system_alarm_service_default"
158-->[androidx.work:work-runtime:2.5.0] AndroidManifest.xml:123:13-72
159            android:exported="false" >
159-->[androidx.work:work-runtime:2.5.0] AndroidManifest.xml:124:13-37
160            <intent-filter>
160-->[androidx.work:work-runtime:2.5.0] AndroidManifest.xml:126:13-128:29
161                <action android:name="androidx.work.impl.background.systemalarm.UpdateProxies" />
161-->[androidx.work:work-runtime:2.5.0] AndroidManifest.xml:127:17-98
161-->[androidx.work:work-runtime:2.5.0] AndroidManifest.xml:127:25-95
162            </intent-filter>
163        </receiver>
164        <receiver
164-->[androidx.work:work-runtime:2.5.0] AndroidManifest.xml:130:9-140:20
165            android:name="androidx.work.impl.diagnostics.DiagnosticsReceiver"
165-->[androidx.work:work-runtime:2.5.0] AndroidManifest.xml:131:13-78
166            android:directBootAware="false"
166-->[androidx.work:work-runtime:2.5.0] AndroidManifest.xml:132:13-44
167            android:enabled="true"
167-->[androidx.work:work-runtime:2.5.0] AndroidManifest.xml:133:13-35
168            android:exported="true"
168-->[androidx.work:work-runtime:2.5.0] AndroidManifest.xml:134:13-36
169            android:permission="android.permission.DUMP" >
169-->[androidx.work:work-runtime:2.5.0] AndroidManifest.xml:135:13-57
170            <intent-filter>
170-->[androidx.work:work-runtime:2.5.0] AndroidManifest.xml:137:13-139:29
171                <action android:name="androidx.work.diagnostics.REQUEST_DIAGNOSTICS" />
171-->[androidx.work:work-runtime:2.5.0] AndroidManifest.xml:138:17-88
171-->[androidx.work:work-runtime:2.5.0] AndroidManifest.xml:138:25-85
172            </intent-filter>
173        </receiver>
174
175        <service
175-->[androidx.room:room-runtime:2.2.5] AndroidManifest.xml:25:9-28:40
176            android:name="androidx.room.MultiInstanceInvalidationService"
176-->[androidx.room:room-runtime:2.2.5] AndroidManifest.xml:26:13-74
177            android:directBootAware="true"
177-->[androidx.room:room-runtime:2.2.5] AndroidManifest.xml:27:13-43
178            android:exported="false" />
178-->[androidx.room:room-runtime:2.2.5] AndroidManifest.xml:28:13-37
179    </application>
180
181</manifest>